[95mINFO[0m 2026-06-18 22:37:14,267 [95mWatching for file changes with StatReloader[0m
[95mINFO[0m 2026-06-18 22:37:23,751 [95m"POST /api/v1/snapshot/ HTTP/1.1" 200 274[0m
[95mINFO[0m 2026-06-18 22:38:30,429 [95m"POST /api/v1/snapshot/ HTTP/1.1" 200 272[0m
[95mINFO[0m 2026-06-18 22:45:21,073 [95m"POST /api/v1/snapshot/ HTTP/1.1" 200 272[0m
[95mINFO[0m 2026-06-18 22:45:32,939 [95m"GET / HTTP/1.1" 302 0[0m
[95mINFO[0m 2026-06-18 22:45:32,940 [95m"GET / HTTP/1.1" 302 0[0m
[95mINFO[0m 2026-06-18 22:45:32,951 [95m"GET /login/ HTTP/1.1" 200 5942[0m
[95mINFO[0m 2026-06-18 22:45:32,996 [95m"GET /login/ HTTP/1.1" 200 5942[0m
[95mINFO[0m 2026-06-18 22:45:33,099 [95m"GET /static/css/dashboard.css HTTP/1.1" 200 2619[0m
[95mINFO[0m 2026-06-18 22:45:33,099 [95m"GET /static/images/logo-pangea-monocrome-h.png HTTP/1.1" 200 17341[0m
[95mINFO[0m 2026-06-18 22:45:33,099 [95m"GET /static/js/bootstrap.bundle.min.js HTTP/1.1" 200 78743[0m
[95mINFO[0m 2026-06-18 22:45:33,100 [95m"GET /static/css/bootstrap.min.css HTTP/1.1" 200 155845[0m
[95mINFO[0m 2026-06-18 22:45:33,675 [95m"GET / HTTP/1.1" 302 0[0m
[95mINFO[0m 2026-06-18 22:45:33,686 [95m"GET /login/ HTTP/1.1" 200 5942[0m
[93mWARNING[0m 2026-06-18 22:45:33,946 [93m"GET /favicon.ico HTTP/1.1" 404 4243[0m
[93mWARNING[0m 2026-06-18 22:45:33,951 [93m"GET /favicon.ico HTTP/1.1" 404 4243[0m
[93mWARNING[0m 2026-06-18 22:45:42,381 [93m"POST /login/ HTTP/1.1" 401 6222[0m
[93mWARNING[0m 2026-06-18 22:45:46,692 [93m"POST /login/ HTTP/1.1" 401 6219[0m
[95mINFO[0m 2026-06-18 23:15:34,056 [95m"POST /login/ HTTP/1.1" 302 0[0m
[95mINFO[0m 2026-06-18 23:15:34,102 [95m"GET /dashboard/ HTTP/1.1" 200 29117[0m
[95mINFO[0m 2026-06-18 23:15:34,197 [95m"GET /static/css/custom_table.css HTTP/1.1" 200 316[0m
[95mINFO[0m 2026-06-18 23:15:34,198 [95m"GET /static/js/popper.min.js HTTP/1.1" 200 18594[0m
[95mINFO[0m 2026-06-18 23:15:34,199 [95m"GET /static/js/Sortable.min.js HTTP/1.1" 200 45092[0m
[95mINFO[0m 2026-06-18 23:15:34,199 [95m"GET /static/js/jquery-3.3.1.slim.min.js HTTP/1.1" 200 69917[0m
[95mINFO[0m 2026-06-18 23:15:34,199 [95m"GET /static/js/bootstrap.min.js HTTP/1.1" 200 60089[0m
[95mDEBUG[0m 2026-06-18 23:15:36,516 [95mSuccessfully loaded extension "markdown.extensions.codehilite.CodeHiliteExtension".[0m
[95mDEBUG[0m 2026-06-18 23:15:36,520 [95mSuccessfully loaded extension "markdown.extensions.fenced_code.FencedCodeExtension".[0m
[95mDEBUG[0m 2026-06-18 23:15:36,520 [95mSuccessfully loaded extension "markdown.extensions.tables.TableExtension".[0m
[95mDEBUG[0m 2026-06-18 23:15:36,521 [95mSuccessfully loaded extension "markdown.extensions.toc.TocExtension".[0m
[95mINFO[0m 2026-06-18 23:15:36,592 [95m"GET /device/custom_id:AUCOOP-MOBILE-01/ HTTP/1.1" 200 30722[0m
[95mINFO[0m 2026-06-18 23:16:35,053 [95m"GET /evidence/02e69219-9fd7-45ef-a01d-52f0c8d50b03 HTTP/1.1" 200 18617[0m
[95mINFO[0m 2026-06-18 23:16:39,348 [95m"GET /device/ereuse24:659896195e0285b7a653225e55341451410e0ff7f5ec23d3d77ab3da5a292c30/ HTTP/1.1" 302 0[0m
[95mDEBUG[0m 2026-06-18 23:16:39,367 [95mSuccessfully loaded extension "markdown.extensions.codehilite.CodeHiliteExtension".[0m
[95mDEBUG[0m 2026-06-18 23:16:39,367 [95mSuccessfully loaded extension "markdown.extensions.fenced_code.FencedCodeExtension".[0m
[95mDEBUG[0m 2026-06-18 23:16:39,367 [95mSuccessfully loaded extension "markdown.extensions.tables.TableExtension".[0m
[95mDEBUG[0m 2026-06-18 23:16:39,367 [95mSuccessfully loaded extension "markdown.extensions.toc.TocExtension".[0m
[95mINFO[0m 2026-06-18 23:16:39,388 [95m"GET /device/custom_id:AUCOOP-MOBILE-01/ HTTP/1.1" 200 30722[0m
[95mINFO[0m 2026-06-18 23:16:42,510 [95m"GET /device/ereuse24:659896195e0285b7a653225e55341451410e0ff7f5ec23d3d77ab3da5a292c30/public/ HTTP/1.1" 200 4857[0m
[95mINFO[0m 2026-06-18 23:17:04,295 [95m"GET /login/ HTTP/1.1" 200 5942[0m
[95mINFO[0m 2026-06-18 23:17:04,304 [95m"GET / HTTP/1.1" 302 0[0m
[95mINFO[0m 2026-06-18 23:17:17,696 [95m"GET /login/ HTTP/1.1" 200 5942[0m
[95mINFO[0m 2026-06-18 23:17:17,815 [95m"POST /login/ HTTP/1.1" 302 0[0m
[95mINFO[0m 2026-06-18 23:17:17,825 [95m"GET / HTTP/1.1" 302 0[0m
[95mINFO[0m 2026-06-18 23:17:17,836 [95m"GET /device/ereuse24:659896195e0285b7a653225e55341451410e0ff7f5ec23d3d77ab3da5a292c30/ HTTP/1.1" 302 0[0m
[95mINFO[0m 2026-06-18 23:17:28,703 [95m"GET /dashboard/ HTTP/1.1" 200 29117[0m
[95mINFO[0m 2026-06-18 23:17:28,734 [95m"GET /dashboard/all HTTP/1.1" 200 29127[0m
[95mINFO[0m 2026-06-18 23:17:28,748 [95m"GET /device/ereuse24:659896195e0285b7a653225e55341451410e0ff7f5ec23d3d77ab3da5a292c30/ HTTP/1.1" 302 0[0m
[95mDEBUG[0m 2026-06-18 23:17:28,765 [95mSuccessfully loaded extension "markdown.extensions.codehilite.CodeHiliteExtension".[0m
[95mDEBUG[0m 2026-06-18 23:17:28,765 [95mSuccessfully loaded extension "markdown.extensions.fenced_code.FencedCodeExtension".[0m
[95mDEBUG[0m 2026-06-18 23:17:28,765 [95mSuccessfully loaded extension "markdown.extensions.tables.TableExtension".[0m
[95mDEBUG[0m 2026-06-18 23:17:28,765 [95mSuccessfully loaded extension "markdown.extensions.toc.TocExtension".[0m
[95mINFO[0m 2026-06-18 23:17:28,784 [95m"GET /device/custom_id:AUCOOP-MOBILE-01/ HTTP/1.1" 200 30722[0m
[95mINFO[0m 2026-06-18 23:18:33,244 [95m/home/sergio/ereuse/devicehub-django/evidence/mobile_parse_details.py changed, reloading.[0m
Performing system checks...

System check identified no issues (0 silenced).
June 18, 2026 - 22:37:14
Django version 5.0.6, using settings 'dhub.settings'
Starting development server at http://0.0.0.0:8001/
Quit the server with CONTROL-C.

[95mINFO[0m 2026-06-18 23:18:33,692 [95mWatching for file changes with StatReloader[0m
[95mINFO[0m 2026-06-18 23:19:18,574 [95m"GET /device/ereuse24:659896195e0285b7a653225e55341451410e0ff7f5ec23d3d77ab3da5a292c30/public/ HTTP/1.1" 200 7972[0m
[95mINFO[0m 2026-06-18 23:19:35,641 [95m"GET /dashboard/ HTTP/1.1" 302 0[0m
[95mINFO[0m 2026-06-18 23:19:35,649 [95m"GET /login/?next=/dashboard/ HTTP/1.1" 200 5942[0m
[95mINFO[0m 2026-06-18 23:19:35,783 [95m"GET /static/css/dashboard.css HTTP/1.1" 200 2619[0m
[95mINFO[0m 2026-06-18 23:19:35,783 [95m"GET /static/images/logo-pangea-monocrome-h.png HTTP/1.1" 200 17341[0m
[95mINFO[0m 2026-06-18 23:19:35,784 [95m"GET /static/css/bootstrap.min.css HTTP/1.1" 200 155845[0m
[95mINFO[0m 2026-06-18 23:19:35,784 [95m"GET /static/js/bootstrap.bundle.min.js HTTP/1.1" 200 78743[0m
[93mWARNING[0m 2026-06-18 23:19:35,929 [93m"GET /favicon.ico HTTP/1.1" 404 4243[0m
[95mINFO[0m 2026-06-18 23:19:36,563 [95m"GET /device/ereuse24:659896195e0285b7a653225e55341451410e0ff7f5ec23d3d77ab3da5a292c30/public/ HTTP/1.1" 200 7972[0m
[95mINFO[0m 2026-06-18 23:20:26,767 [95m"GET /device/ereuse24:659896195e0285b7a653225e55341451410e0ff7f5ec23d3d77ab3da5a292c30/public/ HTTP/1.1" 200 7972[0m
[93mWARNING[0m 2026-06-18 23:20:27,970 [93m"GET /favicon.ico HTTP/1.1" 404 4242[0m
[95mINFO[0m 2026-06-18 23:21:42,224 [95m/home/sergio/ereuse/devicehub-django/evidence/mobile_parse_details.py changed, reloading.[0m
Performing system checks...

System check identified no issues (0 silenced).
June 18, 2026 - 23:18:33
Django version 5.0.6, using settings 'dhub.settings'
Starting development server at http://0.0.0.0:8001/
Quit the server with CONTROL-C.

[95mINFO[0m 2026-06-18 23:21:42,681 [95mWatching for file changes with StatReloader[0m
[95mINFO[0m 2026-06-18 23:23:11,390 [95m/home/sergio/ereuse/devicehub-django/evidence/models.py changed, reloading.[0m
Performing system checks...

System check identified no issues (0 silenced).
June 18, 2026 - 23:21:42
Django version 5.0.6, using settings 'dhub.settings'
Starting development server at http://0.0.0.0:8001/
Quit the server with CONTROL-C.

[95mINFO[0m 2026-06-18 23:23:11,859 [95mWatching for file changes with StatReloader[0m
[95mINFO[0m 2026-06-18 23:23:17,124 [95m/home/sergio/ereuse/devicehub-django/evidence/models.py changed, reloading.[0m
Performing system checks...

System check identified no issues (0 silenced).
June 18, 2026 - 23:23:12
Django version 5.0.6, using settings 'dhub.settings'
Starting development server at http://0.0.0.0:8001/
Quit the server with CONTROL-C.

[95mINFO[0m 2026-06-18 23:23:17,495 [95mWatching for file changes with StatReloader[0m
[95mINFO[0m 2026-06-18 23:23:21,796 [95m/home/sergio/ereuse/devicehub-django/evidence/models.py changed, reloading.[0m
Performing system checks...

System check identified no issues (0 silenced).
June 18, 2026 - 23:23:17
Django version 5.0.6, using settings 'dhub.settings'
Starting development server at http://0.0.0.0:8001/
Quit the server with CONTROL-C.

[95mINFO[0m 2026-06-18 23:23:22,164 [95mWatching for file changes with StatReloader[0m
[95mINFO[0m 2026-06-18 23:23:26,418 [95m/home/sergio/ereuse/devicehub-django/evidence/models.py changed, reloading.[0m
Performing system checks...

System check identified no issues (0 silenced).
June 18, 2026 - 23:23:22
Django version 5.0.6, using settings 'dhub.settings'
Starting development server at http://0.0.0.0:8001/
Quit the server with CONTROL-C.

[95mINFO[0m 2026-06-18 23:23:26,853 [95mWatching for file changes with StatReloader[0m
[95mINFO[0m 2026-06-18 23:23:32,134 [95m/home/sergio/ereuse/devicehub-django/evidence/models.py changed, reloading.[0m
Performing system checks...

System check identified no issues (0 silenced).
June 18, 2026 - 23:23:27
Django version 5.0.6, using settings 'dhub.settings'
Starting development server at http://0.0.0.0:8001/
Quit the server with CONTROL-C.

[95mINFO[0m 2026-06-18 23:23:32,514 [95mWatching for file changes with StatReloader[0m
[95mINFO[0m 2026-06-18 23:23:41,363 [95m"GET /device/ereuse24:659896195e0285b7a653225e55341451410e0ff7f5ec23d3d77ab3da5a292c30/public/ HTTP/1.1" 200 7692[0m
[95mINFO[0m 2026-06-19 10:05:23,999 [95m"GET /device/ereuse24:659896195e0285b7a653225e55341451410e0ff7f5ec23d3d77ab3da5a292c30/public/ HTTP/1.1" 200 7908[0m
[93mWARNING[0m 2026-06-19 10:05:24,471 [93m"GET /favicon.ico HTTP/1.1" 404 4243[0m
Performing system checks...

System check identified no issues (0 silenced).
June 18, 2026 - 23:23:32
Django version 5.0.6, using settings 'dhub.settings'
Starting development server at http://0.0.0.0:8001/
Quit the server with CONTROL-C.

